[debug] [2023-05-09T00:07:04.152Z] ----------------------------------------------------------------------
[debug] [2023-05-09T00:07:04.153Z] Command:       /home/labber/.nvm/versions/node/v16.19.0/bin/node /home/labber/.nvm/versions/node/v16.19.0/bin/firebase login
[debug] [2023-05-09T00:07:04.153Z] CLI Version:   11.30.0
[debug] [2023-05-09T00:07:04.153Z] Platform:      linux
[debug] [2023-05-09T00:07:04.154Z] Node Version:  v16.19.0
[debug] [2023-05-09T00:07:04.154Z] Time:          Mon May 08 2023 20:07:04 GMT-0400 (Eastern Daylight Time)
[debug] [2023-05-09T00:07:04.154Z] ----------------------------------------------------------------------
[debug] 
[info] i  Firebase optionally collects CLI and Emulator Suite usage and error reporting information to help improve our products. Data is collected in accordance with Google's privacy policy (https://policies.google.com/privacy) and is not used to identify you.
 
[info] 
[info] Visit this URL on this device to log in:
[info] https://accounts.google.com/o/oauth2/auth?client_id=563584335869-fgrhgmd47bqnekij5i8b5pr03ho849e6.apps.googleusercontent.com&scope=email%20openid%20https%3A%2F%2Fwww.googleapis.com%2Fauth%2Fcloudplatformprojects.readonly%20https%3A%2F%2Fwww.googleapis.com%2Fauth%2Ffirebase%20https%3A%2F%2Fwww.googleapis.com%2Fauth%2Fcloud-platform&response_type=code&state=112812594&redirect_uri=http%3A%2F%2Flocalhost%3A9005
[info] 
[info] Waiting for authentication...
[debug] [2023-05-09T00:08:45.008Z] ----------------------------------------------------------------------
[debug] [2023-05-09T00:08:45.009Z] Command:       /home/labber/.nvm/versions/node/v16.19.0/bin/node /home/labber/.nvm/versions/node/v16.19.0/bin/firebase login
[debug] [2023-05-09T00:08:45.009Z] CLI Version:   11.30.0
[debug] [2023-05-09T00:08:45.009Z] Platform:      linux
[debug] [2023-05-09T00:08:45.009Z] Node Version:  v16.19.0
[debug] [2023-05-09T00:08:45.009Z] Time:          Mon May 08 2023 20:08:45 GMT-0400 (Eastern Daylight Time)
[debug] [2023-05-09T00:08:45.009Z] ----------------------------------------------------------------------
[debug] 
[info] i  Firebase optionally collects CLI and Emulator Suite usage and error reporting information to help improve our products. Data is collected in accordance with Google's privacy policy (https://policies.google.com/privacy) and is not used to identify you.
 
[info] i  To change your data collection preference at any time, run `firebase logout` and log in again. 
[info] 
[info] Visit this URL on this device to log in:
[info] https://accounts.google.com/o/oauth2/auth?client_id=563584335869-fgrhgmd47bqnekij5i8b5pr03ho849e6.apps.googleusercontent.com&scope=email%20openid%20https%3A%2F%2Fwww.googleapis.com%2Fauth%2Fcloudplatformprojects.readonly%20https%3A%2F%2Fwww.googleapis.com%2Fauth%2Ffirebase%20https%3A%2F%2Fwww.googleapis.com%2Fauth%2Fcloud-platform&response_type=code&state=131347566&redirect_uri=http%3A%2F%2Flocalhost%3A9005
[info] 
[info] Waiting for authentication...
